<?xml version="1.0" encoding="UTF-8"?>
<coverage generated="1552421945301" clover="3.2.0">
  <project timestamp="1552421945301" name="All files">
    <metrics statements="27" coveredstatements="26" conditionals="2" coveredconditionals="1" methods="7" coveredmethods="7" elements="36" coveredelements="34" complexity="0" loc="27" ncloc="27" packages="1" files="3" classes="3"/>
    <file name="itinerary.js" path="/Users/janeanesu/Projects/cruise-ships/src/itinerary.js">
      <metrics statements="2" coveredstatements="2" conditionals="0" coveredconditionals="0" methods="1" coveredmethods="1"/>
      <line num="2" count="7" type="stmt"/>
      <line num="6" count="2" type="stmt"/>
    </file>
    <file name="port.js" path="/Users/janeanesu/Projects/cruise-ships/src/port.js">
      <metrics statements="8" coveredstatements="8" conditionals="0" coveredconditionals="0" methods="3" coveredmethods="3"/>
      <line num="2" count="16" type="stmt"/>
      <line num="3" count="16" type="stmt"/>
      <line num="5" count="2" type="stmt"/>
      <line num="6" count="11" type="stmt"/>
      <line num="9" count="2" type="stmt"/>
      <line num="10" count="3" type="stmt"/>
      <line num="11" count="3" type="stmt"/>
      <line num="13" count="2" type="stmt"/>
    </file>
    <file name="ship.js" path="/Users/janeanesu/Projects/cruise-ships/src/ship.js">
      <metrics statements="17" coveredstatements="16" conditionals="2" coveredconditionals="1" methods="3" coveredmethods="3"/>
      <line num="3" count="7" type="stmt"/>
      <line num="4" count="7" type="stmt"/>
      <line num="5" count="7" type="stmt"/>
      <line num="7" count="7" type="stmt"/>
      <line num="10" count="1" type="stmt"/>
      <line num="11" count="2" type="stmt"/>
      <line num="12" count="2" type="cond" truecount="1" falsecount="1"/>
      <line num="13" count="0" type="stmt"/>
      <line num="15" count="2" type="stmt"/>
      <line num="16" count="2" type="stmt"/>
      <line num="17" count="2" type="stmt"/>
      <line num="21" count="1" type="stmt"/>
      <line num="22" count="1" type="stmt"/>
      <line num="23" count="1" type="stmt"/>
      <line num="25" count="1" type="stmt"/>
      <line num="26" count="1" type="stmt"/>
      <line num="30" count="1" type="stmt"/>
    </file>
  </project>
</coverage>
