{"/Users/janeanesu/Projects/cruise-ships/src/itinerary.js": {"path":"/Users/janeanesu/Projects/cruise-ships/src/itinerary.js","statementMap":{"0":{"start":{"line":2,"column":4},"end":{"line":2,"column":23}},"1":{"start":{"line":6,"column":0},"end":{"line":6,"column":26}}},"fnMap":{"0":{"name":"Itinerary","decl":{"start":{"line":1,"column":10},"end":{"line":1,"column":19}},"loc":{"start":{"line":1,"column":27},"end":{"line":4,"column":1}},"line":1}},"branchMap":{},"s":{"0":7,"1":2},"f":{"0":7},"b":{},"_coverageSchema":"43e27e138ebf9cfc5966b082cf9a028302ed4184","hash":"94ab22711a2468156cccc35e850243c75a83ac4f"}
,"/Users/janeanesu/Projects/cruise-ships/src/port.js": {"path":"/Users/janeanesu/Projects/cruise-ships/src/port.js","statementMap":{"0":{"start":{"line":2,"column":2},"end":{"line":2,"column":19}},"1":{"start":{"line":3,"column":2},"end":{"line":3,"column":18}},"2":{"start":{"line":5,"column":0},"end":{"line":7,"column":2}},"3":{"start":{"line":6,"column":0},"end":{"line":6,"column":28}},"4":{"start":{"line":9,"column":0},"end":{"line":12,"column":1}},"5":{"start":{"line":10,"column":18},"end":{"line":10,"column":51}},"6":{"start":{"line":11,"column":1},"end":{"line":11,"column":33}},"7":{"start":{"line":13,"column":0},"end":{"line":13,"column":22}}},"fnMap":{"0":{"name":"Port","decl":{"start":{"line":1,"column":10},"end":{"line":1,"column":14}},"loc":{"start":{"line":1,"column":21},"end":{"line":4,"column":1}},"line":1},"1":{"name":"(anonymous_1)","decl":{"start":{"line":5,"column":25},"end":{"line":5,"column":26}},"loc":{"start":{"line":5,"column":48},"end":{"line":7,"column":1}},"line":5},"2":{"name":"(anonymous_2)","decl":{"start":{"line":9,"column":28},"end":{"line":9,"column":29}},"loc":{"start":{"line":9,"column":53},"end":{"line":12,"column":1}},"line":9}},"branchMap":{},"s":{"0":16,"1":16,"2":2,"3":11,"4":2,"5":3,"6":3,"7":2},"f":{"0":16,"1":11,"2":3},"b":{},"_coverageSchema":"43e27e138ebf9cfc5966b082cf9a028302ed4184","hash":"be9fa6a7956d69e280552281f32a84102761c758"}
,"/Users/janeanesu/Projects/cruise-ships/src/ship.js": {"path":"/Users/janeanesu/Projects/cruise-ships/src/ship.js","statementMap":{"0":{"start":{"line":3,"column":2},"end":{"line":3,"column":29}},"1":{"start":{"line":4,"column":2},"end":{"line":4,"column":40}},"2":{"start":{"line":5,"column":2},"end":{"line":5,"column":27}},"3":{"start":{"line":7,"column":2},"end":{"line":7,"column":33}},"4":{"start":{"line":10,"column":0},"end":{"line":18,"column":2}},"5":{"start":{"line":11,"column":29},"end":{"line":11,"column":75}},"6":{"start":{"line":12,"column":2},"end":{"line":14,"column":3}},"7":{"start":{"line":13,"column":4},"end":{"line":13,"column":40}},"8":{"start":{"line":15,"column":2},"end":{"line":15,"column":36}},"9":{"start":{"line":16,"column":2},"end":{"line":16,"column":39}},"10":{"start":{"line":17,"column":2},"end":{"line":17,"column":25}},"11":{"start":{"line":21,"column":0},"end":{"line":27,"column":2}},"12":{"start":{"line":22,"column":19},"end":{"line":22,"column":33}},"13":{"start":{"line":23,"column":27},"end":{"line":23,"column":69}},"14":{"start":{"line":25,"column":2},"end":{"line":25,"column":60}},"15":{"start":{"line":26,"column":2},"end":{"line":26,"column":33}},"16":{"start":{"line":30,"column":0},"end":{"line":30,"column":23}}},"fnMap":{"0":{"name":"Ship","decl":{"start":{"line":2,"column":9},"end":{"line":2,"column":13}},"loc":{"start":{"line":2,"column":25},"end":{"line":8,"column":1}},"line":2},"1":{"name":"(anonymous_1)","decl":{"start":{"line":10,"column":25},"end":{"line":10,"column":26}},"loc":{"start":{"line":10,"column":36},"end":{"line":18,"column":1}},"line":10},"2":{"name":"(anonymous_2)","decl":{"start":{"line":21,"column":22},"end":{"line":21,"column":23}},"loc":{"start":{"line":21,"column":33},"end":{"line":27,"column":1}},"line":21}},"branchMap":{"0":{"loc":{"start":{"line":12,"column":2},"end":{"line":14,"column":3}},"type":"if","locations":[{"start":{"line":12,"column":2},"end":{"line":14,"column":3}},{"start":{"line":12,"column":2},"end":{"line":14,"column":3}}],"line":12}},"s":{"0":7,"1":7,"2":7,"3":7,"4":1,"5":2,"6":2,"7":0,"8":2,"9":2,"10":2,"11":1,"12":1,"13":1,"14":1,"15":1,"16":1},"f":{"0":7,"1":2,"2":1},"b":{"0":[0,2]},"_coverageSchema":"43e27e138ebf9cfc5966b082cf9a028302ed4184","hash":"454da8f8b95fbe7d2256cf8900a04c08b9bab517"}
}
