TN:
SF:/Users/janeanesu/Projects/cruise-ships/src/itinerary.js
FN:1,Itinerary
FNF:1
FNH:1
FNDA:7,Itinerary
DA:2,7
DA:6,2
LF:2
LH:2
BRF:0
BRH:0
end_of_record
TN:
SF:/Users/janeanesu/Projects/cruise-ships/src/port.js
FN:1,Port
FN:5,(anonymous_1)
FN:9,(anonymous_2)
FNF:3
FNH:3
FNDA:16,Port
FNDA:11,(anonymous_1)
FNDA:3,(anonymous_2)
DA:2,16
DA:3,16
DA:5,2
DA:6,11
DA:9,2
DA:10,3
DA:11,3
DA:13,2
LF:8
LH:8
BRF:0
BRH:0
end_of_record
TN:
SF:/Users/janeanesu/Projects/cruise-ships/src/ship.js
FN:2,Ship
FN:10,(anonymous_1)
FN:21,(anonymous_2)
FNF:3
FNH:3
FNDA:7,Ship
FNDA:2,(anonymous_1)
FNDA:1,(anonymous_2)
DA:3,7
DA:4,7
DA:5,7
DA:7,7
DA:10,1
DA:11,2
DA:12,2
DA:13,0
DA:15,2
DA:16,2
DA:17,2
DA:21,1
DA:22,1
DA:23,1
DA:25,1
DA:26,1
DA:30,1
LF:17
LH:16
BRDA:12,0,0,0
BRDA:12,0,1,2
BRF:2
BRH:1
end_of_record
